"../../../../Projects/BattleGrids 4.26/Content/BattleGrids/UI/BP_DragAndDropOperation.uasset" 0
"../../../../Projects/BattleGrids 4.26/Content/StarterContent/Materials/M_Basic_Wall.uasset" 1
"../../../../Projects/BattleGrids 4.26/Content/StarterContent/Architecture/Pillar_50x500.uasset" 2
"../../../../Projects/BattleGrids 4.26/Content/StarterContent/Architecture/Wall_400x300.uasset" 3
"../../../../Projects/BattleGrids 4.26/Content/StarterContent/Architecture/Wall_400x400.uasset" 4
"../../../../Projects/BattleGrids 4.26/Content/StarterContent/Architecture/Wall_500x500.uasset" 5
"../../../../Projects/BattleGrids 4.26/Content/StarterContent/Architecture/Wall_Door_400x400.uasset" 6
"../../../../Projects/BattleGrids 4.26/Content/StarterContent/Architecture/Wall_Window_400x400.uasset" 7
"../../../../Projects/BattleGrids 4.26/Content/StarterContent/Audio/Collapse01.uasset" 8
"../../../../Projects/BattleGrids 4.26/Content/StarterContent/Audio/Collapse02.uasset" 9
"../../../../Projects/BattleGrids 4.26/Content/StarterContent/Audio/Explosion01.uasset" 10
"../../../../Projects/BattleGrids 4.26/Content/StarterContent/Audio/Explosion02.uasset" 11
"../../../../Projects/BattleGrids 4.26/Content/StarterContent/Audio/Fire01.uasset" 12
"../../../../Projects/BattleGrids 4.26/Content/StarterContent/Audio/Fire_Sparks01.uasset" 13
"../../../../Projects/BattleGrids 4.26/Content/StarterContent/Audio/Light01.uasset" 14
"../../../../Projects/BattleGrids 4.26/Content/StarterContent/Audio/Light01_Cue.uasset" 15
"../../../../Projects/BattleGrids 4.26/Content/StarterContent/Audio/Light02.uasset" 16
"../../../../Projects/BattleGrids 4.26/Content/StarterContent/Audio/Light02_Cue.uasset" 17
"../../../../Projects/BattleGrids 4.26/Content/StarterContent/Audio/Smoke01.uasset" 18
"../../../../Projects/BattleGrids 4.26/Content/StarterContent/Audio/Starter_Birds01.uasset" 19
"../../../../Projects/BattleGrids 4.26/Content/StarterContent/Audio/Starter_Music01.uasset" 20
"../../../../Projects/BattleGrids 4.26/Content/StarterContent/Audio/Starter_Wind05.uasset" 21
"../../../../Projects/BattleGrids 4.26/Content/StarterContent/Audio/Starter_Wind06.uasset" 22
"../../../../Projects/BattleGrids 4.26/Content/StarterContent/Audio/Steam01.uasset" 23
"../../../../Projects/BattleGrids 4.26/Content/StarterContent/Audio/Explosion_Cue.uasset" 24
"../../../../Projects/BattleGrids 4.26/Content/StarterContent/Textures/T_Smoke_Tiled_D.uasset" 25
"../../../../Projects/BattleGrids 4.26/Content/StarterContent/Textures/T_Smoke_SubUV.uasset" 26
"../../../../Projects/BattleGrids 4.26/Content/StarterContent/Particles/Materials/M_smoke_subUV.uasset" 27
"../../../Engine/Content/Functions/Engine_MaterialFunctions01/Gradient/RadialGradient.uasset" 28
"../../../../Projects/BattleGrids 4.26/Content/StarterContent/Particles/Materials/M_radial_ramp.uasset" 29
"../../../../Projects/BattleGrids 4.26/Content/StarterContent/Particles/Materials/m_flare_01.uasset" 30
"../../../../Projects/BattleGrids 4.26/Content/StarterContent/Textures/T_Explosion_SubUV.uasset" 31
"../../../../Projects/BattleGrids 4.26/Content/StarterContent/Particles/Materials/M_explosion_subUV.uasset" 32
"../../../../Projects/BattleGrids 4.26/Content/StarterContent/Textures/T_Burst_M.uasset" 33
"../../../../Projects/BattleGrids 4.26/Content/StarterContent/Particles/Materials/M_Burst.uasset" 34
"../../../../Projects/BattleGrids 4.26/Content/StarterContent/Particles/P_Explosion.uasset" 35
"../../../../Projects/BattleGrids 4.26/Content/StarterContent/Blueprints/Blueprint_Effect_Explosion.uasset" 36
"../../../Engine/Content/EditorMeshes/ColorCalibrator/T_ColorGrid.uasset" 37
"../../../../Projects/BattleGrids 4.26/Content/StarterContent/Materials/M_ColorGrid_LowSpec.uasset" 38
"../../../../Projects/BattleGrids 4.26/Content/StarterContent/Textures/T_Bush_N.uasset" 39
"../../../../Projects/BattleGrids 4.26/Content/StarterContent/Textures/T_Bush_D.uasset" 40
"../../../../Projects/BattleGrids 4.26/Content/StarterContent/Props/Materials/M_Bush.uasset" 41
"../../../../Projects/BattleGrids 4.26/Content/StarterContent/Props/SM_Bush.uasset" 42
"../../../../Projects/BattleGrids 4.26/Content/StarterContent/Textures/T_Chair_N.uasset" 43
"../../../../Projects/BattleGrids 4.26/Content/StarterContent/Textures/T_Chair_M.uasset" 44
"../../../../Projects/BattleGrids 4.26/Content/StarterContent/Props/Materials/M_Chair.uasset" 45
"../../../../Projects/BattleGrids 4.26/Content/StarterContent/Props/SM_Couch.uasset" 46
"../../../../Projects/BattleGrids 4.26/Content/StarterContent/Materials/M_Glass.uasset" 47
"../../../../Projects/BattleGrids 4.26/Content/StarterContent/Textures/T_Door_N.uasset" 48
"../../../../Projects/BattleGrids 4.26/Content/StarterContent/Textures/T_Door_M.uasset" 49
"../../../../Projects/BattleGrids 4.26/Content/StarterContent/Props/Materials/M_Door.uasset" 50
"../../../../Projects/BattleGrids 4.26/Content/StarterContent/Props/SM_Door.uasset" 51
"../../../../Projects/BattleGrids 4.26/Content/StarterContent/Props/Materials/M_MaterialSphere_Plain.uasset" 52
"../../../../Projects/BattleGrids 4.26/Content/StarterContent/Props/Materials/M_MaterialSphere.uasset" 53
"../../../../Projects/BattleGrids 4.26/Content/StarterContent/Props/SM_MatPreviewMesh_02.uasset" 54
"../../../../Projects/BattleGrids 4.26/Content/StarterContent/Textures/T_Rock_Basalt_D.uasset" 55
"../../../Engine/Content/Functions/Engine_MaterialFunctions02/Utility/BlendAngleCorrectedNormals.uasset" 56
"../../../../Projects/BattleGrids 4.26/Content/StarterContent/Textures/T_RockMesh_N.uasset" 57
"../../../../Projects/BattleGrids 4.26/Content/StarterContent/Textures/T_RockMesh_M.uasset" 58
"../../../../Projects/BattleGrids 4.26/Content/StarterContent/Textures/T_Detail_Rocky_N.uasset" 59
"../../../../Projects/BattleGrids 4.26/Content/StarterContent/Props/Materials/M_Rock.uasset" 60
"../../../../Projects/BattleGrids 4.26/Content/StarterContent/Props/SM_Rock.uasset" 61
"../../../../Projects/BattleGrids 4.26/Content/StarterContent/Textures/T_Shelf_N.uasset" 62
"../../../../Projects/BattleGrids 4.26/Content/StarterContent/Textures/T_Shelf_M.uasset" 63
"../../../../Projects/BattleGrids 4.26/Content/StarterContent/Props/Materials/M_Shelf.uasset" 64
"../../../../Projects/BattleGrids 4.26/Content/StarterContent/Props/SM_Shelf.uasset" 65
"../../../../Projects/BattleGrids 4.26/Content/StarterContent/Materials/M_Basic_Floor.uasset" 66
"../../../../Projects/BattleGrids 4.26/Content/StarterContent/Props/SM_Stairs.uasset" 67
"../../../../Projects/BattleGrids 4.26/Content/StarterContent/Shapes/Shape_Cylinder.uasset" 68
"../../../../Projects/BattleGrids 4.26/Content/StarterContent/Shapes/Shape_NarrowCapsule.uasset" 69
"../../../../Projects/BattleGrids 4.26/Content/StarterContent/Shapes/Shape_Pipe.uasset" 70
"../../../../Projects/BattleGrids 4.26/Content/StarterContent/Shapes/Shape_Pipe_180.uasset" 71
"../../../../Projects/BattleGrids 4.26/Content/StarterContent/Shapes/Shape_Pipe_90.uasset" 72
"../../../../Projects/BattleGrids 4.26/Content/StarterContent/Shapes/Shape_Plane.uasset" 73
"../../../../Projects/BattleGrids 4.26/Content/StarterContent/Shapes/Shape_Torus.uasset" 74
"../../../../Projects/BattleGrids 4.26/Content/StarterContent/Shapes/Shape_Trim.uasset" 75
"../../../../Projects/BattleGrids 4.26/Content/StarterContent/Shapes/Shape_Trim_90_In.uasset" 76
"../../../../Projects/BattleGrids 4.26/Content/StarterContent/Shapes/Shape_Trim_90_Out.uasset" 77
"../../../../Projects/BattleGrids 4.26/Content/StarterContent/Shapes/Shape_TriPyramid.uasset" 78
"../../../../Projects/BattleGrids 4.26/Content/StarterContent/Shapes/Shape_Tube.uasset" 79
"../../../../Projects/BattleGrids 4.26/Content/StarterContent/Shapes/Shape_Wedge_A.uasset" 80
"../../../../Projects/BattleGrids 4.26/Content/StarterContent/Shapes/Shape_Wedge_B.uasset" 81
"../../../../Projects/BattleGrids 4.26/Content/StarterContent/Shapes/Shape_WideCapsule.uasset" 82
"../../../Engine/Content/EngineMaterials/T_Default_Material_Grid_N.uasset" 83
"../../../Engine/Content/EngineMaterials/T_Default_Material_Grid_M.uasset" 84
"../../../Engine/Content/Functions/Engine_MaterialFunctions01/Opacity/CameraDepthFade.uasset" 85
"../../../Engine/Content/EngineMaterials/WorldGridMaterial.uasset" 86
"../../../Engine/Content/ArtTools/RenderToTexture/Meshes/S_1_Unit_Plane.uasset" 87
"../../../Engine/Content/BasicShapes/Plane.uasset" 88
"../../../Engine/Content/EditorLandscapeResources/DataLayer.uasset" 89
"../../../Engine/Content/EditorLandscapeResources/DefaultAlphaTexture.uasset" 90
"../../../Engine/Content/EditorMaterials/MAT_Groups_Toggle.uasset" 91
"../../../Engine/Content/EditorMaterials/MAT_Groups_Visibility.uasset" 92
"../../../Engine/Content/EditorMaterials/PreviewShadowIndicator.uasset" 93
"../../../Engine/Content/EditorMaterials/PreviewShadowIndicatorMaterial.uasset" 94
"../../../Engine/Content/EditorMaterials/MatineeGroups/MAT_ColorTrack.uasset" 95
"../../../Engine/Content/EditorMaterials/MatineeGroups/MAT_Groups_Anim.uasset" 96
"../../../Engine/Content/EditorMaterials/MatineeGroups/MAT_Groups_AudioMaster.uasset" 97
"../../../Engine/Content/EditorMaterials/MatineeGroups/MAT_Groups_Director.uasset" 98
"../../../Engine/Content/EditorMaterials/MatineeGroups/MAT_Groups_Event.uasset" 99
"../../../Engine/Content/EditorMaterials/MatineeGroups/MAT_Groups_Fade.uasset" 100
"../../../Engine/Content/EditorMaterials/MatineeGroups/MAT_Groups_Float.uasset" 101
"../../../Engine/Content/EditorMaterials/MatineeGroups/MAT_Groups_Move.uasset" 102
"../../../Engine/Content/EditorMaterials/MatineeGroups/MAT_Groups_Slomo.uasset" 103
"../../../Engine/Content/EditorMaterials/MatineeGroups/MAT_Groups_Sound.uasset" 104
"../../../Engine/Content/EditorMaterials/MatineeGroups/MAT_Groups_Vector.uasset" 105
"../../../Engine/Content/EditorMaterials/ParticleSystems/PSysThumbnail_NoImage.uasset" 106
"../../../Engine/Content/EditorMaterials/ParticleSystems/PSysThumbnail_OOD.uasset" 107
"../../../Engine/Content/EditorMaterials/Camera/CineMat.uasset" 108
"../../../Engine/Content/EditorMaterials/Camera/MI_CineMat_Rig.uasset" 109
"../../../Engine/Content/EditorMeshes/Camera/SM_CraneRig_Arm.uasset" 110
"../../../Engine/Content/EditorMeshes/Camera/SM_CraneRig_Base.uasset" 111
"../../../Engine/Content/EditorMeshes/Camera/SM_CraneRig_Body.uasset" 112
"../../../Engine/Content/EditorMeshes/Camera/SM_CraneRig_Mount.uasset" 113
"../../../Engine/Content/EditorMeshes/Camera/SM_RailRig_Mount.uasset" 114
"../../../Engine/Content/EditorMeshes/Camera/SM_RailRig_Track.uasset" 115
"../../../Engine/Content/EditorResources/BSPVertex.uasset" 116
"../../../Engine/Content/EditorResources/EmptyActor.uasset" 117
"../../../Engine/Content/EditorResources/S_Actor.uasset" 118
"../../../Engine/Content/EditorResources/S_Note.uasset" 119
"../../../Engine/Content/EditorResources/S_Solver.uasset" 120
"../../../Engine/Content/EditorResources/S_Terrain.uasset" 121
"../../../Engine/Content/EditorResources/S_Trigger.uasset" 122
"../../../Engine/Content/EditorResources/AudioIcons/S_AudioComponent.uasset" 123
"../../../Engine/Content/EditorResources/AudioIcons/S_AudioComponent_AutoActivate.uasset" 124
"../../../Engine/Content/EditorResources/LightIcons/S_LightError.uasset" 125
"../../../Engine/Content/EditorResources/SequenceRecorder/Countdown.uasset" 126
"../../../Engine/Content/EditorResources/SequenceRecorder/RecordingIndicator.uasset" 127
"../../../Engine/Content/EngineDamageTypes/DmgTypeBP_Environmental.uasset" 128
"../../../Engine/Content/EngineDebugMaterials/DebugEditorMaterial.uasset" 129
"../../../Engine/Content/EngineDebugMaterials/DebugMeshMaterial.uasset" 130
"../../../Engine/Content/EngineDebugMaterials/M_SimpleUnlitTranslucent.uasset" 131
"../../../Engine/Content/EngineDebugMaterials/VolumeToRender.uasset" 132
"../../../Engine/Content/Functions/Engine_MaterialFunctions02/Utility/CameraDirectionVector.uasset" 133
"../../../Engine/Content/EngineDebugMaterials/M_VolumeRenderSphereTracePP.uasset" 134
"../../../Engine/Content/Functions/Engine_MaterialFunctions01/Shading/ConvertFromDiffSpec.uasset" 135
"../../../Engine/Content/EngineDebugMaterials/VertexColorMaterial.uasset" 136
"../../../Engine/Content/EngineDebugMaterials/WireframeMaterial.uasset" 137
"../../../Engine/Content/EngineMaterials/BaseFlattenNormalMap.uasset" 138
"../../../Engine/Content/EngineMaterials/BaseFlattenGrayscaleMap.uasset" 139
"../../../Engine/Content/EngineMaterials/BaseFlattenEmissiveMap.uasset" 140
"../../../Engine/Content/EngineMaterials/BaseFlattenDiffuseMap.uasset" 141
"../../../Engine/Content/EngineMaterials/BaseFlattenMaterial.uasset" 142
"../../../Engine/Content/EngineMaterials/BlueNoise.uasset" 143
"../../../Engine/Content/EngineMaterials/DefaultBloomKernel.uasset" 144
"../../../Engine/Content/EngineMaterials/DefaultBokeh.uasset" 145
"../../../Engine/Content/EngineMaterials/DefaultDiffuse.uasset" 146
"../../../Engine/Content/EngineMaterials/DefaultDeferredDecalMaterial.uasset" 147
"../../../Engine/Content/EngineMaterials/DefaultLightFunctionMaterial.uasset" 148
"../../../Engine/Content/EngineMaterials/DefaultPhysicalMaterial.uasset" 149
"../../../Engine/Content/Functions/Engine_MaterialFunctions02/Utility/BreakOutFloat2Components.uasset" 150
"../../../Engine/Content/EngineMaterials/DefaultPostProcessMaterial.uasset" 151
"../../../Engine/Content/EngineFonts/RobotoDistanceField.uasset" 152
"../../../Engine/Content/EngineMaterials/DefaultTextMaterialOpaque.uasset" 153
"../../../Engine/Content/EngineMaterials/DefaultWhiteGrid.uasset" 154
"../../../Engine/Content/EngineMaterials/DefaultWhiteGrid_Low.uasset" 155
"../../../Engine/Content/EngineMaterials/EmissiveMeshMaterial.uasset" 156
"../../../Engine/Content/EngineMaterials/GizmoMaterial.uasset" 157
"../../../Engine/Content/EngineMaterials/Good64x64TilingNoiseHighFreq.uasset" 158
"../../../Engine/Content/EngineMaterials/MiniFont.uasset" 159
"../../../Engine/Content/EngineMaterials/InvalidLightmapSettings.uasset" 160
"../../../Engine/Content/EngineMaterials/M_InvalidLightmapSettings.uasset" 161
"../../../Engine/Content/Functions/Engine_MaterialFunctions02/WorldPositionOffset/CameraOffset.uasset" 162
"../../../Engine/Content/EngineMaterials/PhAT_JointLimitMaterial.uasset" 163
"../../../Engine/Content/EngineMaterials/PreintegratedSkinBRDF.uasset" 164
"../../../Engine/Content/EngineMaterials/RemoveSurfaceMaterial.uasset" 165
"../../../Engine/Content/EngineMaterials/WeightMapPlaceholderTexture.uasset" 166
"../../../Engine/Content/EngineResources/WhiteSquareTexture.uasset" 167
"../../../Engine/Content/EngineMaterials/Widget3DPassThrough.uasset" 168
"../../../Engine/Content/EngineMaterials/Widget3DPassThrough_Masked.uasset" 169
"../../../Engine/Content/EngineMaterials/Widget3DPassThrough_Opaque.uasset" 170
"../../../Engine/Content/EngineMaterials/Widget3DPassThrough_Masked_OneSided.uasset" 171
"../../../Engine/Content/EngineMaterials/Widget3DPassThrough_Opaque_OneSided.uasset" 172
"../../../Engine/Content/EngineMaterials/Widget3DPassThrough_Translucent.uasset" 173
"../../../Engine/Content/EngineMaterials/Widget3DPassThrough_Translucent_OneSided.uasset" 174
"../../../Engine/Content/EngineMaterials/DefaultMaterial.uasset" 175
"../../../Engine/Content/EngineMeshes/Cylinder.uasset" 176
"../../../Engine/Content/EngineMeshes/Sphere.uasset" 177
"../../../Engine/Content/EngineResources/Black.uasset" 178
"../../../Engine/Content/EngineResources/DefaultTextureCube.uasset" 179
"../../../Engine/Content/EngineResources/DefaultVolumeTexture2D.uasset" 180
"../../../Engine/Content/EngineResources/DefaultVolumeTexture.uasset" 181
"../../../Engine/Content/EngineResources/GradientTexture0.uasset" 182
"../../../Engine/Content/EngineSky/VolumetricClouds/T_NoiseShape64.uasset" 183
"../../../Engine/Content/EngineSky/VolumetricClouds/T_VolumeNoiseShape64.uasset" 184
"../../../Engine/Content/EngineSky/VolumetricClouds/T_NoiseErosion.uasset" 185
"../../../Engine/Content/EngineSky/VolumetricClouds/T_VolumeNoiseErosion32.uasset" 186
"../../../Engine/Content/EngineSky/VolumetricClouds/CloudWeatherTexture.uasset" 187
"../../../Engine/Content/EngineSky/VolumetricClouds/CloudGradientTexture.uasset" 188
"../../../Engine/Content/Functions/Engine_MaterialFunctions02/Utility/MakeFloat2.uasset" 189
"../../../Engine/Content/EngineSky/VolumetricClouds/m_SimpleVolumetricCloud.uasset" 190
"../../../Engine/Content/EngineSky/VolumetricClouds/m_SimpleVolumetricCloud_Inst.uasset" 191
"../../../Engine/Content/EngineSounds/Master.uasset" 192
"../../../Engine/Content/Functions/Engine_MaterialFunctions01/Shading/PowerToRoughness.uasset" 193
"../../../Engine/Content/Maps/Templates/Thumbnails/Default.uasset" 194
"../../../Engine/Content/Maps/Templates/Thumbnails/TimeOfDay.uasset" 195
"../../../Engine/Content/Maps/Templates/Thumbnails/VR-Basic.uasset" 196
"../../../Engine/Content/MobileResources/T_MobileControls_texture.uasset" 197
"../../../Engine/Content/MobileResources/T_MobileMenu2.uasset" 198
"../../../Engine/Content/MobileResources/HUD/AnalogHat.uasset" 199
"../../../Engine/Content/MobileResources/HUD/VirtualJoystick_Thumb.uasset" 200
"../../../Engine/Content/MobileResources/HUD/VirtualJoystick_Background.uasset" 201
"../../../Engine/Content/MobileResources/HUD/DefaultVirtualJoysticks.uasset" 202
"../../../Engine/Content/MobileResources/HUD/LeftVirtualJoystickOnly.uasset" 203
"../../../Engine/Content/MobileResources/HUD/MobileHUDButton1_off.uasset" 204
"../../../Engine/Content/MobileResources/HUD/MobileHUDButton1_on.uasset" 205
"../../../Engine/Content/MobileResources/HUD/MobileHUDButton2_off.uasset" 206
"../../../Engine/Content/MobileResources/HUD/MobileHUDButton2_on.uasset" 207
"../../../Engine/Content/MobileResources/HUD/MobileHUDButton3.uasset" 208
"../../../Engine/Content/MobileResources/HUD/MobileHUDButtonFire.uasset" 209
"../../../Engine/Content/MobileResources/HUD/MobileHUDDirectionPad.uasset" 210
"../../../Engine/Content/MobileResources/HUD/MobileHUDDirectionPad2.uasset" 211
"../../../Engine/Content/MobileResources/HUD/MobileHUDDirectionPad3.uasset" 212
"../../../Engine/Content/MobileResources/HUD/MobileHUDDirectionStick.uasset" 213
"../../../Engine/Content/MobileResources/HUD/T_Castle_ThumbstickInner.uasset" 214
"../../../Engine/Content/MobileResources/HUD/T_Castle_ThumbstickOutter.uasset" 215
"../../../Engine/Content/Tutorial/ContentIntroCurve.uasset" 216
"../../../Engine/Content/Tutorial/Basics/LevelEditorAttract.uasset" 217
"../../../Engine/Content/Tutorial/Basics/TutorialAssets/icon_tab_Levels_40x.uasset" 218
"../../../Engine/Content/Tutorial/Basics/LevelEditorOverview.uasset" 219
"../../../Engine/Content/Tutorial/BlueprintTutorials/TutorialAssets/Blueprint_64x.uasset" 220
"../../../Engine/Content/Tutorial/BlueprintTutorials/BlueprintEditorTutorial.uasset" 221
"../../../Engine/Content/VREditor/TransformGizmo/TranslucentTransformGizmoMaterial.uasset" 222
"../../../Engine/Content/VREditor/LaserPointer/VR_LaserPower_01.uasset" 223
"../../../Engine/Content/VREditor/TransformGizmo/TransformGizmoMaterial.uasset" 224
"../../../Engine/Content/VREditor/TransformGizmo/BoundingBoxCorner.uasset" 225
"../../../Engine/Content/VREditor/TransformGizmo/BoundingBoxEdge.uasset" 226
"../../../Engine/Content/VREditor/TransformGizmo/PlaneTranslationHandle.uasset" 227
"../../../Engine/Content/VREditor/TransformGizmo/Main.uasset" 228
"../../../Engine/Content/VREditor/TransformGizmo/Xray.uasset" 229
"../../../Engine/Content/VREditor/TransformGizmo/SM_Sequencer_Key.uasset" 230
"../../../Engine/Content/VREditor/TransformGizmo/SM_Sequencer_Node.uasset" 231
"../../Plugins/2D/Paper2D/Content/PlaceholderTextures/DummySpriteTexture.uasset" 232
"../../Plugins/2D/Paper2D/Content/DummySprite.uasset" 233
"../../Plugins/2D/Paper2D/Content/DefaultPaperTerrainMaterial.uasset" 234
"../../Plugins/2D/Paper2D/Content/DefaultSpriteMaterial.uasset" 235
"../../Plugins/2D/Paper2D/Content/MaskedUnlitSpriteMaterial.uasset" 236
"../../Plugins/2D/Paper2D/Content/OpaqueUnlitSpriteMaterial.uasset" 237
"../../../Engine/Content/Functions/Engine_MaterialFunctions02/Utility/BreakOutFloat3Components.uasset" 238
"../../../Engine/Content/Functions/Engine_MaterialFunctions02/ObjectLocalBounds.uasset" 239
"../../../Engine/Content/Functions/Engine_MaterialFunctions02/UVs/BoundingBoxBased_0-1_UVW.uasset" 240
"../../../Engine/Content/EngineResources/DefaultTexture.uasset" 241
"../../../Engine/Content/Functions/Engine_MaterialFunctions02/SafeNormalize.uasset" 242
"../../Plugins/Editor/SpeedTreeImporter/Content/SpeedTree9/UnpackInteger3.uasset" 243
"../../Plugins/Editor/SpeedTreeImporter/Content/SpeedTree9/UnpackDirection.uasset" 244
"../../Plugins/Editor/SpeedTreeImporter/Content/SpeedTree9/game_wind_noise.uasset" 245
"../../Plugins/Editor/SpeedTreeImporter/Content/SpeedTree9/SpeedTreeWindMotion.uasset" 246
"../../Plugins/Editor/SpeedTreeImporter/Content/SpeedTree9/SpeedTreeBranchMotion.uasset" 247
"../../Plugins/Editor/SpeedTreeImporter/Content/SpeedTree9/SpeedTreeWind.uasset" 248
"../../Plugins/Editor/SpeedTreeImporter/Content/SpeedTree9/SpeedTreeBillboard.uasset" 249
"../../Plugins/Editor/SpeedTreeImporter/Content/SpeedTree9/SpeedTreeBillboardMaster.uasset" 250
"../../Plugins/Editor/SpeedTreeImporter/Content/SpeedTree9/SpeedTreeCameraFacing.uasset" 251
"../../Plugins/Editor/SpeedTreeImporter/Content/SpeedTree9/SpeedTreeMaster.uasset" 252
"../../../Engine/Content/BasicShapes/Cylinder.uasset" 253
"../../../Engine/Content/ArtTools/RenderToTexture/Materials/Debug/M_Emissive_Color.uasset" 254
"../../Plugins/Lumin/MagicLeapPassableWorld/Content/MagicLeapARPinInfoActor.uasset" 255
"../../../Engine/Content/Functions/Engine_MaterialFunctions02/Utility/BreakOutFloat4Components.uasset" 256
"../../../Engine/Content/Functions/Engine_MaterialFunctions02/Utility/MakeFloat3.uasset" 257
"../../Plugins/Runtime/Oculus/OculusVR/Content/Materials/OculusMR_ChromaKey.uasset" 258
"../../Plugins/Runtime/Oculus/OculusVR/Content/Materials/OculusMR_OpaqueColoredMaterial.uasset" 259
"../../Plugins/Runtime/Oculus/OculusVR/Content/Materials/PokeAHoleMaterial.uasset" 260
"../../../../Projects/BattleGrids 4.26/Content/BattleGrids/Blueprints/BP_SaveGame.uasset" 261
"../../../../Projects/BattleGrids 4.26/Content/BattleGrids/Blueprints/BP_PlayerState.uasset" 262
"../../../../Projects/BattleGrids 4.26/Content/BattleGrids/Blueprints/BPI_GameInstance.uasset" 263
"../../../Engine/Content/EditorBlueprintResources/StandardMacros.uasset" 264
"../../../../Projects/BattleGrids 4.26/Content/BattleGrids/UI/WBP_LoadingScreen.uasset" 265
"../../../../Projects/BattleGrids 4.26/Content/BattleGrids/UI/WBP_ErrorWindow.uasset" 266
"../../../Engine/Content/EngineFonts/Faces/RobotoRegular.uasset" 267
"../../../Engine/Content/EngineFonts/Faces/RobotoLight.uasset" 268
"../../../Engine/Content/EngineFonts/Faces/RobotoItalic.uasset" 269
"../../../Engine/Content/EngineFonts/Faces/RobotoBoldItalic.uasset" 270
"../../../Engine/Content/EngineFonts/Faces/RobotoBold.uasset" 271
"../../../Engine/Content/EngineFonts/Faces/DroidSansFallback.uasset" 272
"../../../Engine/Content/EngineFonts/Roboto.uasset" 273
"../../../../Projects/BattleGrids 4.26/Content/BattleGrids/Blueprints/Menu/BP_Menu_PlayerController.uasset" 274
"../../../../Projects/BattleGrids 4.26/Content/BattleGrids/UI/MainMenu/WBP_OptionsMenu.uasset" 275
"../../../../Projects/BattleGrids 4.26/Content/BattleGrids/UI/MainMenu/WBP_MainMenu.uasset" 276
"../../../../Projects/BattleGrids 4.26/Content/BattleGrids/UI/MainMenu/WBP_HostGameMenu.uasset" 277
"../../../../Projects/BattleGrids 4.26/Content/BattleGrids/UI/MainMenu/WBP_FindGameMenu.uasset" 278
"../../../../Projects/BattleGrids 4.26/Content/BattleGrids/Blueprints/BP_GameInstance.uasset" 279
"../../../../Projects/BattleGrids 4.26/Content/BattleGrids/UI/WBP_ChatWindow.uasset" 280
"../../../../Projects/BattleGrids 4.26/Content/BattleGrids/UI/Lobby/WBP_ColorSelectWindow.uasset" 281
"../../../../Projects/BattleGrids 4.26/Content/BattleGrids/UI/Lobby/WBP_ConnectedPlayer.uasset" 282
"../../../../Projects/BattleGrids 4.26/Content/BattleGrids/UI/Lobby/WBP_Settings_PlayerButton.uasset" 283
"../../../../Projects/BattleGrids 4.26/Content/BattleGrids/UI/Lobby/WBP_SettingsWindow.uasset" 284
"../../../../Projects/BattleGrids 4.26/Content/BattleGrids/UI/Lobby/WBP_LobbyMenu.uasset" 285
"../../../../Projects/BattleGrids 4.26/Content/BattleGrids/Blueprints/Lobby/BP_Lobby_PlayerController.uasset" 286
"../../../../Projects/BattleGrids 4.26/Content/BattleGrids/Blueprints/Lobby/BP_Lobby_GameStateBase.uasset" 287
"../../../../Projects/BattleGrids 4.26/Content/BattleGrids/Blueprints/Lobby/BP_Lobby_GameModeBase.uasset" 288
"../../../../Projects/BattleGrids 4.26/Content/BattleGrids/Levels/Lobby.umap" 289
"../../../../Projects/BattleGrids 4.26/Content/StarterContent/Materials/M_AssetPlatform.uasset" 290
"../../../../Projects/BattleGrids 4.26/Content/StarterContent/Architecture/SM_AssetPlatform.uasset" 291
"../../../../Projects/BattleGrids 4.26/Content/StarterContent/Maps/Advanced_Lighting_BuiltData.uasset" 292
"../../../../Projects/BattleGrids 4.26/Content/StarterContent/Blueprints/Assets/FogBrightnessLUT.uasset" 293
"../../../../Projects/BattleGrids 4.26/Content/StarterContent/Blueprints/Assets/SunlightColorLUT.uasset" 294
"../../../../Projects/BattleGrids 4.26/Content/StarterContent/Blueprints/Assets/M_LightStage_Arrows.uasset" 295
"../../../Engine/Content/MapTemplates/Sky/DaylightAmbientCubemap.uasset" 296
"../../../../Projects/BattleGrids 4.26/Content/StarterContent/Blueprints/Assets/M_LightStage_Skybox_Master.uasset" 297
"../../../../Projects/BattleGrids 4.26/Content/StarterContent/Blueprints/Assets/M_LightStage_Skybox_Black.uasset" 298
"../../../../Projects/BattleGrids 4.26/Content/StarterContent/Blueprints/Assets/M_LightStage_Skybox_HDRI.uasset" 299
"../../../Engine/Content/EditorMaterials/Thumbnails/SkySphereMaterial.uasset" 300
"../../../../Projects/BattleGrids 4.26/Content/StarterContent/Blueprints/Assets/Skybox.uasset" 301
"../../../../Projects/BattleGrids 4.26/Content/StarterContent/Blueprints/Assets/SM_Arrows.uasset" 302
"../../../../Projects/BattleGrids 4.26/Content/StarterContent/HDRI/HDRI_Epic_Courtyard_Daylight.uasset" 303
"../../../../Projects/BattleGrids 4.26/Content/StarterContent/Blueprints/BP_LightStudio.uasset" 304
"../../../Engine/Content/EditorMeshes/ColorCalibrator/M_ClearCoat.uasset" 305
"../../../Engine/Content/EditorMeshes/ColorCalibrator/M_GreyBall.uasset" 306
"../../../Engine/Content/EditorMeshes/ColorCalibrator/Color_checker.uasset" 307
"../../../Engine/Content/EditorMeshes/ColorCalibrator/M_ColorGrid.uasset" 308
"../../../Engine/Content/EditorMeshes/ColorCalibrator/M_ClearCoatBlack.uasset" 309
"../../../Engine/Content/EditorMeshes/ColorCalibrator/M_ChromeBall.uasset" 310
"../../../Engine/Content/EditorMeshes/ColorCalibrator/SM_ColorCalibrator.uasset" 311
"../../../../Projects/BattleGrids 4.26/Content/StarterContent/Maps/Advanced_Lighting.umap" 312
"../../../../Projects/BattleGrids 4.26/Content/StarterContent/Architecture/Floor_400x400.uasset" 313
"../../../../Projects/BattleGrids 4.26/Content/StarterContent/Audio/Starter_Background_Cue.uasset" 314
"../../../../Projects/BattleGrids 4.26/Content/StarterContent/Textures/T_TableRound_N.uasset" 315
"../../../../Projects/BattleGrids 4.26/Content/StarterContent/Textures/T_TableRound_M.uasset" 316
"../../../../Projects/BattleGrids 4.26/Content/StarterContent/Props/Materials/M_TableRound.uasset" 317
"../../../../Projects/BattleGrids 4.26/Content/StarterContent/Props/SM_TableRound.uasset" 318
"../../../../Projects/BattleGrids 4.26/Content/StarterContent/Textures/T_Statue_N.uasset" 319
"../../../../Projects/BattleGrids 4.26/Content/StarterContent/Textures/T_Statue_M.uasset" 320
"../../../../Projects/BattleGrids 4.26/Content/StarterContent/Props/Materials/M_Statue.uasset" 321
"../../../../Projects/BattleGrids 4.26/Content/StarterContent/Props/Materials/M_StatueGlass.uasset" 322
"../../../../Projects/BattleGrids 4.26/Content/StarterContent/Props/SM_Statue.uasset" 323
"../../../../Projects/BattleGrids 4.26/Content/StarterContent/Props/SM_Chair.uasset" 324
"../../../../Projects/BattleGrids 4.26/Content/StarterContent/Textures/T_Metal_Gold_N.uasset" 325
"../../../../Projects/BattleGrids 4.26/Content/StarterContent/Textures/T_Metal_Copper_D.uasset" 326
"../../../../Projects/BattleGrids 4.26/Content/StarterContent/Textures/T_MacroVariation.uasset" 327
"../../../../Projects/BattleGrids 4.26/Content/StarterContent/Materials/M_Metal_Copper.uasset" 328
"../../../../Projects/BattleGrids 4.26/Content/StarterContent/Textures/T_Metal_Aluminum_D.uasset" 329
"../../../../Projects/BattleGrids 4.26/Content/StarterContent/Materials/M_Metal_Burnished_Steel.uasset" 330
"../../../../Projects/BattleGrids 4.26/Content/StarterContent/Materials/M_Metal_Brushed_Nickel.uasset" 331
"../../../Engine/Content/EngineSky/T_Sky_Stars.uasset" 332
"../../../Engine/Content/EngineSky/T_Sky_Clouds_M.uasset" 333
"../../../Engine/Content/EngineSky/T_Sky_Blue.uasset" 334
"../../../Engine/Content/EngineSky/M_Sky_Panning_Clouds2.uasset" 335
"../../../../Projects/BattleGrids 4.26/Content/StarterContent/Maps/Minimal_Default_BuiltData.uasset" 336
"../../../Engine/Content/EngineSky/SM_SkySphere.uasset" 337
"../../../Engine/Content/EngineSky/C_Sky_Zenith_Color.uasset" 338
"../../../Engine/Content/EngineSky/C_Sky_Horizon_Color.uasset" 339
"../../../Engine/Content/EngineSky/C_Sky_Cloud_Color.uasset" 340
"../../../Engine/Content/EngineSky/BP_Sky_Sphere.uasset" 341
"../../../../Projects/BattleGrids 4.26/Content/StarterContent/Maps/Minimal_Default.umap" 342
"../../../../Projects/BattleGrids 4.26/Content/StarterContent/Textures/T_Metal_Gold_D.uasset" 343
"../../../../Projects/BattleGrids 4.26/Content/StarterContent/Materials/M_Metal_Gold.uasset" 344
"../../../../Projects/BattleGrids 4.26/Content/StarterContent/Textures/T_Rock_Marble_Polished_D.uasset" 345
"../../../../Projects/BattleGrids 4.26/Content/StarterContent/Textures/T_Perlin_Noise_M.uasset" 346
"../../../../Projects/BattleGrids 4.26/Content/StarterContent/Materials/M_Rock_Marble_Polished.uasset" 347
"../../../../Projects/BattleGrids 4.26/Content/StarterContent/Architecture/Wall_400x200.uasset" 348
"../../../../Projects/BattleGrids 4.26/Content/StarterContent/Architecture/Wall_Door_400x300.uasset" 349
"../../../../Projects/BattleGrids 4.26/Content/StarterContent/Architecture/Wall_Window_400x300.uasset" 350
"../../../../Projects/BattleGrids 4.26/Content/StarterContent/Audio/Collapse_Cue.uasset" 351
"../../../../Projects/BattleGrids 4.26/Content/StarterContent/Audio/Starter_Music_Cue.uasset" 352
"../../../../Projects/BattleGrids 4.26/Content/StarterContent/Textures/T_Lamp_N.uasset" 353
"../../../../Projects/BattleGrids 4.26/Content/StarterContent/Textures/T_Lamp_M.uasset" 354
"../../../../Projects/BattleGrids 4.26/Content/StarterContent/Props/Materials/M_Lamp.uasset" 355
"../../../../Projects/BattleGrids 4.26/Content/StarterContent/Props/SM_Lamp_Ceiling.uasset" 356
"../../../../Projects/BattleGrids 4.26/Content/StarterContent/Blueprints/Blueprint_CeilingLight.uasset" 357
"../../../../Projects/BattleGrids 4.26/Content/StarterContent/Audio/Fire01_Cue.uasset" 358
"../../../../Projects/BattleGrids 4.26/Content/StarterContent/Particles/Materials/M_Radial_Gradient.uasset" 359
"../../../../Projects/BattleGrids 4.26/Content/StarterContent/Textures/T_Water_N.uasset" 360
"../../../../Projects/BattleGrids 4.26/Content/StarterContent/Particles/Materials/M_Heat_Distortion.uasset" 361
"../../../../Projects/BattleGrids 4.26/Content/StarterContent/Textures/T_Fire_Tiled_D.uasset" 362
"../../../../Projects/BattleGrids 4.26/Content/StarterContent/Textures/T_Fire_SubUV.uasset" 363
"../../../../Projects/BattleGrids 4.26/Content/StarterContent/Particles/Materials/M_Fire_SubUV.uasset" 364
"../../../../Projects/BattleGrids 4.26/Content/StarterContent/Particles/P_Fire.uasset" 365
"../../../../Projects/BattleGrids 4.26/Content/StarterContent/Blueprints/Blueprint_Effect_Fire.uasset" 366
"../../../../Projects/BattleGrids 4.26/Content/StarterContent/Audio/Smoke01_Cue.uasset" 367
"../../../../Projects/BattleGrids 4.26/Content/StarterContent/Particles/P_Smoke.uasset" 368
"../../../../Projects/BattleGrids 4.26/Content/StarterContent/Blueprints/Blueprint_Effect_Smoke.uasset" 369
"../../../../Projects/BattleGrids 4.26/Content/StarterContent/Audio/Fire_Sparks01_Cue.uasset" 370
"../../../../Projects/BattleGrids 4.26/Content/StarterContent/Textures/T_Spark_Core.uasset" 371
"../../../../Projects/BattleGrids 4.26/Content/StarterContent/Particles/Materials/M_Spark.uasset" 372
"../../../../Projects/BattleGrids 4.26/Content/StarterContent/Particles/P_Sparks.uasset" 373
"../../../../Projects/BattleGrids 4.26/Content/StarterContent/Blueprints/Blueprint_Effect_Sparks.uasset" 374
"../../../../Projects/BattleGrids 4.26/Content/StarterContent/Particles/P_Steam_Lit.uasset" 375
"../../../../Projects/BattleGrids 4.26/Content/StarterContent/Audio/Steam01_Cue.uasset" 376
"../../../../Projects/BattleGrids 4.26/Content/StarterContent/Blueprints/Blueprint_Effect_Steam.uasset" 377
"../../../../Projects/BattleGrids 4.26/Content/StarterContent/Props/SM_Lamp_Wall.uasset" 378
"../../../../Projects/BattleGrids 4.26/Content/StarterContent/Blueprints/Blueprint_WallSconce.uasset" 379
"../../../../Projects/BattleGrids 4.26/Content/StarterContent/Shapes/Shape_Sphere.uasset" 380
"../../../../Projects/BattleGrids 4.26/Content/StarterContent/Shapes/Shape_QuadPyramid.uasset" 381
"../../../../Projects/BattleGrids 4.26/Content/StarterContent/Shapes/Shape_Cube.uasset" 382
"../../../../Projects/BattleGrids 4.26/Content/StarterContent/Textures/T_Frame_N.uasset" 383
"../../../../Projects/BattleGrids 4.26/Content/StarterContent/Textures/T_Frame_M.uasset" 384
"../../../../Projects/BattleGrids 4.26/Content/StarterContent/Props/Materials/M_Frame.uasset" 385
"../../../../Projects/BattleGrids 4.26/Content/StarterContent/Props/SM_WindowFrame.uasset" 386
"../../../../Projects/BattleGrids 4.26/Content/StarterContent/Props/SM_PillarFrame300.uasset" 387
"../../../../Projects/BattleGrids 4.26/Content/StarterContent/Props/SM_PillarFrame.uasset" 388
"../../../../Projects/BattleGrids 4.26/Content/StarterContent/Props/SM_GlassWindow.uasset" 389
"../../../../Projects/BattleGrids 4.26/Content/StarterContent/Props/SM_DoorFrame.uasset" 390
"../../../../Projects/BattleGrids 4.26/Content/StarterContent/Props/SM_CornerFrame.uasset" 391
"../../../../Projects/BattleGrids 4.26/Content/StarterContent/Props/MaterialSphere.uasset" 392
"../../../../Projects/BattleGrids 4.26/Content/StarterContent/Textures/T_Dust_Particle_D.uasset" 393
"../../../../Projects/BattleGrids 4.26/Content/StarterContent/Particles/Materials/M_Dust_Particle.uasset" 394
"../../../../Projects/BattleGrids 4.26/Content/StarterContent/Particles/P_Ambient_Dust.uasset" 395
"../../../../Projects/BattleGrids 4.26/Content/StarterContent/Textures/T_Wood_Walnut_N.uasset" 396
"../../../../Projects/BattleGrids 4.26/Content/StarterContent/Textures/T_Wood_Walnut_D.uasset" 397
"../../../../Projects/BattleGrids 4.26/Content/StarterContent/Materials/M_Wood_Walnut.uasset" 398
"../../../../Projects/BattleGrids 4.26/Content/StarterContent/Textures/T_Wood_Pine_N.uasset" 399
"../../../../Projects/BattleGrids 4.26/Content/StarterContent/Textures/T_Wood_Pine_D.uasset" 400
"../../../../Projects/BattleGrids 4.26/Content/StarterContent/Materials/M_Wood_Pine.uasset" 401
"../../../../Projects/BattleGrids 4.26/Content/StarterContent/Textures/T_Wood_Oak_N.uasset" 402
"../../../../Projects/BattleGrids 4.26/Content/StarterContent/Textures/T_Wood_Oak_D.uasset" 403
"../../../../Projects/BattleGrids 4.26/Content/StarterContent/Materials/M_Wood_Oak.uasset" 404
"../../../Engine/Content/Functions/Engine_MaterialFunctions01/Opacity/AlphaOffset.uasset" 405
"../../../../Projects/BattleGrids 4.26/Content/StarterContent/Textures/T_Wood_Floor_Walnut_N.uasset" 406
"../../../../Projects/BattleGrids 4.26/Content/StarterContent/Textures/T_Wood_Floor_Walnut_M.uasset" 407
"../../../../Projects/BattleGrids 4.26/Content/StarterContent/Textures/T_Wood_Floor_Walnut_D.uasset" 408
"../../../../Projects/BattleGrids 4.26/Content/StarterContent/Materials/M_Wood_Floor_Walnut_Worn.uasset" 409
"../../../../Projects/BattleGrids 4.26/Content/StarterContent/Materials/M_Wood_Floor_Walnut_Polished.uasset" 410
"../../../../Projects/BattleGrids 4.26/Content/StarterContent/Textures/T_Water_M.uasset" 411
"../../../../Projects/BattleGrids 4.26/Content/StarterContent/Materials/M_Water_Ocean.uasset" 412
"../../../../Projects/BattleGrids 4.26/Content/StarterContent/Materials/M_Water_Lake.uasset" 413
"../../../../Projects/BattleGrids 4.26/Content/StarterContent/Textures/T_Tech_Panel_N.uasset" 414
"../../../../Projects/BattleGrids 4.26/Content/StarterContent/Textures/T_Tech_Panel_M.uasset" 415
"../../../../Projects/BattleGrids 4.26/Content/StarterContent/Textures/T_Metal_Steel_D.uasset" 416
"../../../../Projects/BattleGrids 4.26/Content/StarterContent/Materials/M_Tech_Panel.uasset" 417
"../../../../Projects/BattleGrids 4.26/Content/StarterContent/Textures/T_Tech_Hex_Tile_N.uasset" 418
"../../../../Projects/BattleGrids 4.26/Content/StarterContent/Textures/T_Tech_Hex_Tile_M.uasset" 419
"../../../../Projects/BattleGrids 4.26/Content/StarterContent/Materials/M_Tech_Hex_Tile_Pulse.uasset" 420
"../../../../Projects/BattleGrids 4.26/Content/StarterContent/Materials/M_Tech_Hex_Tile.uasset" 421
"../../../../Projects/BattleGrids 4.26/Content/StarterContent/Textures/T_Tech_Dot_N.uasset" 422
"../../../../Projects/BattleGrids 4.26/Content/StarterContent/Textures/T_Tech_Dot_M.uasset" 423
"../../../../Projects/BattleGrids 4.26/Content/StarterContent/Textures/T_Single_Tile_N.uasset" 424
"../../../../Projects/BattleGrids 4.26/Content/StarterContent/Textures/T_Checker_Noise_M.uasset" 425
"../../../../Projects/BattleGrids 4.26/Content/StarterContent/Materials/M_Tech_Checker_Dot.uasset" 426
"../../../../Projects/BattleGrids 4.26/Content/StarterContent/Textures/T_Rock_Slate_N.uasset" 427
"../../../../Projects/BattleGrids 4.26/Content/StarterContent/Textures/T_Rock_Slate_D.uasset" 428
"../../../../Projects/BattleGrids 4.26/Content/StarterContent/Materials/M_Rock_Slate.uasset" 429
"../../../../Projects/BattleGrids 4.26/Content/StarterContent/Textures/T_Rock_Sandstone_N.uasset" 430
"../../../../Projects/BattleGrids 4.26/Content/StarterContent/Textures/T_Rock_Sandstone_D.uasset" 431
"../../../../Projects/BattleGrids 4.26/Content/StarterContent/Materials/M_Rock_Sandstone.uasset" 432
"../../../../Projects/BattleGrids 4.26/Content/StarterContent/Textures/T_Rock_Basalt_N.uasset" 433
"../../../../Projects/BattleGrids 4.26/Content/StarterContent/Materials/M_Rock_Basalt.uasset" 434
"../../../../Projects/BattleGrids 4.26/Content/StarterContent/Textures/T_Metal_Steel_N.uasset" 435
"../../../../Projects/BattleGrids 4.26/Content/StarterContent/Materials/M_Metal_Steel.uasset" 436
"../../../../Projects/BattleGrids 4.26/Content/StarterContent/Textures/T_Metal_Rust_D.uasset" 437
"../../../../Projects/BattleGrids 4.26/Content/StarterContent/Textures/T_Metal_Rust_N.uasset" 438
"../../../../Projects/BattleGrids 4.26/Content/StarterContent/Materials/M_Metal_Rust.uasset" 439
"../../../../Projects/BattleGrids 4.26/Content/StarterContent/Materials/M_Metal_Chrome.uasset" 440
"../../../../Projects/BattleGrids 4.26/Content/StarterContent/Textures/T_Ground_Moss_N.uasset" 441
"../../../../Projects/BattleGrids 4.26/Content/StarterContent/Textures/T_ground_Moss_D.uasset" 442
"../../../../Projects/BattleGrids 4.26/Content/StarterContent/Materials/M_Ground_Moss.uasset" 443
"../../../../Projects/BattleGrids 4.26/Content/StarterContent/Textures/T_Ground_Gravel_N.uasset" 444
"../../../../Projects/BattleGrids 4.26/Content/StarterContent/Textures/T_Ground_Gravel_D.uasset" 445
"../../../../Projects/BattleGrids 4.26/Content/StarterContent/Materials/M_Ground_Gravel.uasset" 446
"../../../../Projects/BattleGrids 4.26/Content/StarterContent/Textures/T_Ground_Grass_N.uasset" 447
"../../../../Projects/BattleGrids 4.26/Content/StarterContent/Textures/T_Ground_Grass_D.uasset" 448
"../../../../Projects/BattleGrids 4.26/Content/StarterContent/Materials/M_Ground_Grass.uasset" 449
"../../../../Projects/BattleGrids 4.26/Content/StarterContent/Textures/T_Concrete_Tiles_Variation_M.uasset" 450
"../../../../Projects/BattleGrids 4.26/Content/StarterContent/Textures/T_Concrete_Tiles_N.uasset" 451
"../../../../Projects/BattleGrids 4.26/Content/StarterContent/Textures/T_Concrete_Tiles_M.uasset" 452
"../../../../Projects/BattleGrids 4.26/Content/StarterContent/Textures/T_Concrete_Tiles_D.uasset" 453
"../../../../Projects/BattleGrids 4.26/Content/StarterContent/Materials/M_Concrete_Tiles.uasset" 454
"../../../../Projects/BattleGrids 4.26/Content/StarterContent/Textures/T_Concrete_Panels_N.uasset" 455
"../../../../Projects/BattleGrids 4.26/Content/StarterContent/Textures/T_Concrete_Panels_D.uasset" 456
"../../../../Projects/BattleGrids 4.26/Content/StarterContent/Materials/M_Concrete_Panels.uasset" 457
"../../../../Projects/BattleGrids 4.26/Content/StarterContent/Textures/T_Concrete_Grime_D.uasset" 458
"../../../../Projects/BattleGrids 4.26/Content/StarterContent/Materials/M_Concrete_Grime.uasset" 459
"../../../../Projects/BattleGrids 4.26/Content/StarterContent/Textures/T_CobbleStone_Smooth_N.uasset" 460
"../../../../Projects/BattleGrids 4.26/Content/StarterContent/Textures/T_CobbleStone_Smooth_M.uasset" 461
"../../../../Projects/BattleGrids 4.26/Content/StarterContent/Textures/T_CobbleStone_Smooth_D.uasset" 462
"../../../../Projects/BattleGrids 4.26/Content/StarterContent/Textures/T_Rock_Smooth_Granite_D.uasset" 463
"../../../../Projects/BattleGrids 4.26/Content/StarterContent/Textures/T_Gradinet_01.uasset" 464
"../../../../Projects/BattleGrids 4.26/Content/StarterContent/Materials/M_CobbleStone_Smooth.uasset" 465
"../../../../Projects/BattleGrids 4.26/Content/StarterContent/Textures/T_CobbleStone_Rough_N.uasset" 466
"../../../../Projects/BattleGrids 4.26/Content/StarterContent/Textures/T_CobbleStone_Rough_D.uasset" 467
"../../../../Projects/BattleGrids 4.26/Content/StarterContent/Materials/M_CobbleStone_Rough.uasset" 468
"../../../../Projects/BattleGrids 4.26/Content/StarterContent/Textures/T_CobbleStone_Pebble_N.uasset" 469
"../../../../Projects/BattleGrids 4.26/Content/StarterContent/Textures/T_CobbleStone_Pebble_M.uasset" 470
"../../../../Projects/BattleGrids 4.26/Content/StarterContent/Textures/T_CobbleStone_Pebble_D.uasset" 471
"../../../../Projects/BattleGrids 4.26/Content/StarterContent/Materials/M_CobbleStone_Pebble.uasset" 472
"../../../../Projects/BattleGrids 4.26/Content/StarterContent/Textures/T_Ceramic_Tile_N.uasset" 473
"../../../../Projects/BattleGrids 4.26/Content/StarterContent/Textures/T_Ceramic_Tile_M.uasset" 474
"../../../../Projects/BattleGrids 4.26/Content/StarterContent/Materials/M_Ceramic_Tile_Checker.uasset" 475
"../../../../Projects/BattleGrids 4.26/Content/StarterContent/Textures/T_Brick_Hewn_Stone_N.uasset" 476
"../../../../Projects/BattleGrids 4.26/Content/StarterContent/Textures/T_Brick_Hewn_Stone_M.uasset" 477
"../../../../Projects/BattleGrids 4.26/Content/StarterContent/Textures/T_Brick_Hewn_Stone_D.uasset" 478
"../../../../Projects/BattleGrids 4.26/Content/StarterContent/Materials/M_Brick_Hewn_Stone.uasset" 479
"../../../../Projects/BattleGrids 4.26/Content/StarterContent/Textures/T_Brick_Cut_Stone_N.uasset" 480
"../../../../Projects/BattleGrids 4.26/Content/StarterContent/Textures/T_Brick_Cut_Stone_D.uasset" 481
"../../../../Projects/BattleGrids 4.26/Content/StarterContent/Materials/M_Brick_Cut_Stone.uasset" 482
"../../../../Projects/BattleGrids 4.26/Content/StarterContent/Textures/T_Brick_Clay_Old_N.uasset" 483
"../../../../Projects/BattleGrids 4.26/Content/StarterContent/Textures/T_Brick_Clay_Old_D.uasset" 484
"../../../../Projects/BattleGrids 4.26/Content/StarterContent/Materials/M_Brick_Clay_Old.uasset" 485
"../../../../Projects/BattleGrids 4.26/Content/StarterContent/Textures/T_Brick_Clay_New_N.uasset" 486
"../../../../Projects/BattleGrids 4.26/Content/StarterContent/Textures/T_Brick_Clay_New_M.uasset" 487
"../../../../Projects/BattleGrids 4.26/Content/StarterContent/Textures/T_Brick_Clay_New_D.uasset" 488
"../../../../Projects/BattleGrids 4.26/Content/StarterContent/Materials/M_Brick_Clay_New.uasset" 489
"../../../../Projects/BattleGrids 4.26/Content/StarterContent/Textures/T_Brick_Clay_Beveled_N.uasset" 490
"../../../../Projects/BattleGrids 4.26/Content/StarterContent/Textures/T_Brick_Clay_Beveled_M.uasset" 491
"../../../../Projects/BattleGrids 4.26/Content/StarterContent/Textures/T_Brick_Clay_Beveled_D.uasset" 492
"../../../../Projects/BattleGrids 4.26/Content/StarterContent/Materials/M_Brick_Clay_Beveled.uasset" 493
"../../../Engine/Content/Functions/Engine_MaterialFunctions03/Procedurals/ComputeFilterWidth.uasset" 494
"../../../Engine/Content/EngineMaterials/AntiAliasedTextMaterialTranslucent.uasset" 495
"../../../../Projects/BattleGrids 4.26/Content/StarterContent/Maps/StarterMap_BuiltData.uasset" 496
"../../../../Projects/BattleGrids 4.26/Content/StarterContent/Textures/T_Concrete_Poured_N.uasset" 497
"../../../../Projects/BattleGrids 4.26/Content/StarterContent/Textures/T_Concrete_Poured_D.uasset" 498
"../../../../Projects/BattleGrids 4.26/Content/StarterContent/Materials/M_Concrete_Poured.uasset" 499
"../../../../Projects/BattleGrids 4.26/Content/StarterContent/Maps/StarterMap.umap" 500
"../../../Engine/Content/BasicShapes/Sphere.uasset" 501
"../../../../Projects/BattleGrids 4.26/Content/BattleGrids/Art/tile.uasset" 502
"../../../../Projects/BattleGrids 4.26/Content/BattleGrids/Blueprints/Gameplay/BP_Tile.uasset" 503
"../../../../Projects/BattleGrids 4.26/Content/BattleGrids/Blueprints/Gameplay/BP_Board.uasset" 504
"../../../../Projects/BattleGrids 4.26/Content/BattleGrids/Levels/DefaultGameMap_BuiltData.uasset" 505
"../../../../Projects/BattleGrids 4.26/Content/BattleGrids/Blueprints/Gameplay/BP_Gameplay_GameStateBase.uasset" 506
"../../../../Projects/BattleGrids 4.26/Content/BattleGrids/Blueprints/Gameplay/BP_Pawn.uasset" 507
"../../../../Projects/BattleGrids 4.26/Content/BattleGrids/UI/Gameplay/WBP_PauseMenu.uasset" 508
"../../../../Projects/BattleGrids 4.26/Content/BattleGrids/UI/Gameplay/WBP_PlayerHUD.uasset" 509
"../../../../Projects/BattleGrids 4.26/Content/BattleGrids/UI/Gameplay/WBP_TileContextMenu.uasset" 510
"../../../../Projects/BattleGrids 4.26/Content/BattleGrids/UI/Gameplay/WBP_TokenThumbnail.uasset" 511
"../../../../Projects/BattleGrids 4.26/Content/BattleGrids/UI/Gameplay/WBP_StructureThumbnail.uasset" 512
"../../../../Projects/BattleGrids 4.26/Content/BattleGrids/UI/Gameplay/WBP_TokenContextMenu_PlayerButton.uasset" 513
"../../../../Projects/BattleGrids 4.26/Content/BattleGrids/UI/Gameplay/WBP_TokenContextMenu.uasset" 514
"../../../../Projects/BattleGrids 4.26/Content/BattleGrids/Materials/MI_Rock_Marble_Polished.uasset" 515
"../../../../Projects/BattleGrids 4.26/Content/BattleGrids/Art/door_01.uasset" 516
"../../../../Projects/BattleGrids 4.26/Content/BattleGrids/Art/brick_wall_01.uasset" 517
"../../../../Projects/BattleGrids 4.26/Content/BattleGrids/UI/Gameplay/WBP_StructureContextMenu.uasset" 518
"../../../../Projects/BattleGrids 4.26/Content/BattleGrids/UI/Gameplay/WBP_GameMasterHUD.uasset" 519
"../../../../Projects/BattleGrids 4.26/Content/BattleGrids/Blueprints/Gameplay/BP_Gameplay_PlayerController.uasset" 520
"../../../../Projects/BattleGrids 4.26/Content/BattleGrids/Blueprints/Gameplay/BP_Token.uasset" 521
"../../../../Projects/BattleGrids 4.26/Content/BattleGrids/Blueprints/Gameplay/BP_Sphere.uasset" 522
"../../../Engine/Content/BasicShapes/Cube.uasset" 523
"../../../../Projects/BattleGrids 4.26/Content/BattleGrids/Blueprints/Gameplay/BP_Cube.uasset" 524
"../../../Engine/Content/BasicShapes/Cone.uasset" 525
"../../../../Projects/BattleGrids 4.26/Content/BattleGrids/Blueprints/Gameplay/BP_Cone.uasset" 526
"../../../../Projects/BattleGrids 4.26/Content/BattleGrids/Blueprints/Gameplay/BP_Wall.uasset" 527
"../../../../Projects/BattleGrids 4.26/Content/BattleGrids/Data/DT_TokenBank.uasset" 528
"../../../../Projects/BattleGrids 4.26/Content/BattleGrids/Blueprints/Gameplay/BP_SplineStructure.uasset" 529
"../../../../Projects/BattleGrids 4.26/Content/BattleGrids/Blueprints/Gameplay/BP_SplineWall.uasset" 530
"../../../../Projects/BattleGrids 4.26/Content/BattleGrids/Data/DT_StructureBank.uasset" 531
"../../../../Projects/BattleGrids 4.26/Content/BattleGrids/Art/cube.uasset" 532
"../../../../Projects/BattleGrids 4.26/Content/StarterContent/Shapes/Shape_Cone.uasset" 533
"../../../../Projects/BattleGrids 4.26/Content/BattleGrids/Data/DT_StaticMeshBank.uasset" 534
"../../../../Projects/BattleGrids 4.26/Content/BattleGrids/Materials/MI_Wood_Walnut.uasset" 535
"../../../../Projects/BattleGrids 4.26/Content/BattleGrids/Materials/MI_Metal_Gold.uasset" 536
"../../../../Projects/BattleGrids 4.26/Content/BattleGrids/Data/DT_MaterialInstanceBank.uasset" 537
"../../../../Projects/BattleGrids 4.26/Content/BattleGrids/Blueprints/Gameplay/BP_Gameplay_GameModeBase.uasset" 538
"../../../../Projects/BattleGrids 4.26/Content/BattleGrids/Levels/DefaultGameMap.umap" 539
"../../../../Projects/BattleGrids 4.26/Content/BattleGrids/Blueprints/Menu/BP_Menu_GameModeBase.uasset" 540
"../../../../Projects/BattleGrids 4.26/Content/BattleGrids/Levels/MainMenu.umap" 541
"../../../Engine/Content/Maps/Entry_BuiltData.uasset" 542
"../../../Engine/Content/Maps/Entry.umap" 543
